<?xml version="1.0" encoding="UTF-8"?>
<!-- Generated by org.testng.reporters.JUnitXMLReporter -->
<testsuite hostname="DESKTOP-E63GMB1" ignored="1" name="Default test" tests="1" failures="0" timestamp="06 May 2020 05:32:25 GMT" time="3.904" errors="0">
  <testcase name="postcallMethod2" time="3.88" classname="com.restAPI.getcalls.PostCall"/>
  <testcase name="createData" time="0.0" classname="com.restAPI.getcalls.PostCall">
    <ignored/>
  </testcase> <!-- createData -->
</testsuite> <!-- Default test -->
