<?xml version="1.0" encoding="UTF-8"?>
<testng-results skipped="0" failed="0" ignored="1" total="2" passed="1">
  <reporter-output>
  </reporter-output>
  <suite name="Default suite" duration-ms="3904" started-at="2020-05-06T05:32:21Z" finished-at="2020-05-06T05:32:25Z">
    <groups>
    </groups>
    <test name="Default test" duration-ms="3904" started-at="2020-05-06T05:32:21Z" finished-at="2020-05-06T05:32:25Z">
      <class name="com.restAPI.getcalls.PostCall">
        <test-method status="PASS" signature="postcallMethod2()[pri:0, instance:com.restAPI.getcalls.PostCall@2a2d45ba]" name="postcallMethod2" duration-ms="3880" started-at="2020-05-06T05:32:21Z" finished-at="2020-05-06T05:32:25Z">
          <reporter-output>
          </reporter-output>
        </test-method> <!-- postcallMethod2 -->
      </class> <!-- com.restAPI.getcalls.PostCall -->
    </test> <!-- Default test -->
  </suite> <!-- Default suite -->
</testng-results>
